# JRE version: Java(TM) SE Runtime Environment (8.0_25-b18) (build 1.8.0_25-b18)
# Java VM: Java HotSpot(TM) 64-Bit Server VM (25.25-b02 mixed mode windows-amd64 compressed oops)
Heap:
 PSYoungGen      total 232960K, used 27626K [0x00000000eab00000, 0x0000000100000000, 0x0000000100000000)
  eden space 116736K, 23% used [0x00000000eab00000,0x00000000ec5fa8f8,0x00000000f1d00000)
  from space 116224K, 0% used [0x00000000f1d00000,0x00000000f1d00000,0x00000000f8e80000)
  to   space 116224K, 0% used [0x00000000f8e80000,0x00000000f8e80000,0x0000000100000000)
 ParOldGen       total 370176K, used 182092K [0x00000000c0000000, 0x00000000d6980000, 0x00000000eab00000)
  object space 370176K, 49% used [0x00000000c0000000,0x00000000cb1d3068,0x00000000d6980000)
 Metaspace       used 6358K, capacity 7220K, committed 7296K, reserved 1056768K
  class space    used 604K, capacity 620K, committed 640K, reserved 1048576K
GC Heap History (10 events):
Event: 33.248 GC heap before
{Heap before GC invocations=14 (full 2):
 PSYoungGen      total 232960K, used 161394K [0x00000000eab00000, 0x0000000100000000, 0x0000000100000000)
  eden space 116736K, 100% used [0x00000000eab00000,0x00000000f1d00000,0x00000000f1d00000)
  from space 116224K, 38% used [0x00000000f1d00000,0x00000000f489c958,0x00000000f8e80000)
  to   space 116224K, 0% used [0x00000000f8e80000,0x00000000f8e80000,0x0000000100000000)
 ParOldGen       total 370176K, used 190318K [0x00000000c0000000, 0x00000000d6980000, 0x00000000eab00000)
  object space 370176K, 51% used [0x00000000c0000000,0x00000000cb9dbb58,0x00000000d6980000)
 Metaspace       used 6302K, capacity 7218K, committed 7296K, reserved 1056768K
  class space    used 603K, capacity 618K, committed 640K, reserved 1048576K
Event: 33.674 GC heap after
Heap after GC invocations=14 (full 2):
 PSYoungGen      total 232960K, used 70102K [0x00000000eab00000, 0x0000000100000000, 0x0000000100000000)
  eden space 116736K, 0% used [0x00000000eab00000,0x00000000eab00000,0x00000000f1d00000)
  from space 116224K, 60% used [0x00000000f8e80000,0x00000000fd2f5ac8,0x0000000100000000)
  to   space 116224K, 0% used [0x00000000f1d00000,0x00000000f1d00000,0x00000000f8e80000)
 ParOldGen       total 370176K, used 190326K [0x00000000c0000000, 0x00000000d6980000, 0x00000000eab00000)
  object space 370176K, 51% used [0x00000000c0000000,0x00000000cb9ddb58,0x00000000d6980000)
 Metaspace       used 6302K, capacity 7218K, committed 7296K, reserved 1056768K
  class space    used 603K, capacity 618K, committed 640K, reserved 1048576K
}
Event: 36.201 GC heap before
{Heap before GC invocations=15 (full 2):
 PSYoungGen      total 232960K, used 186838K [0x00000000eab00000, 0x0000000100000000, 0x0000000100000000)
  eden space 116736K, 100% used [0x00000000eab00000,0x00000000f1d00000,0x00000000f1d00000)
  from space 116224K, 60% used [0x00000000f8e80000,0x00000000fd2f5ac8,0x0000000100000000)
  to   space 116224K, 0% used [0x00000000f1d00000,0x00000000f1d00000,0x00000000f8e80000)
 ParOldGen       total 370176K, used 190326K [0x00000000c0000000, 0x00000000d6980000, 0x00000000eab00000)
  object space 370176K, 51% used [0x00000000c0000000,0x00000000cb9ddb58,0x00000000d6980000)
 Metaspace       used 6326K, capacity 7218K, committed 7296K, reserved 1056768K
  class space    used 603K, capacity 618K, committed 640K, reserved 1048576K
Event: 37.697 GC heap after
Heap after GC invocations=15 (full 2):
 PSYoungGen      total 232960K, used 100350K [0x00000000eab00000, 0x0000000100000000, 0x0000000100000000)
  eden space 116736K, 0% used [0x00000000eab00000,0x00000000eab00000,0x00000000f1d00000)
  from space 116224K, 86% used [0x00000000f1d00000,0x00000000f7effb10,0x00000000f8e80000)
  to   space 116224K, 0% used [0x00000000f8e80000,0x00000000f8e80000,0x0000000100000000)
 ParOldGen       total 370176K, used 190334K [0x00000000c0000000, 0x00000000d6980000, 0x00000000eab00000)
  object space 370176K, 51% used [0x00000000c0000000,0x00000000cb9dfb58,0x00000000d6980000)
 Metaspace       used 6326K, capacity 7218K, committed 7296K, reserved 1056768K
  class space    used 603K, capacity 618K, committed 640K, reserved 1048576K
}
Event: 40.243 GC heap before
{Heap before GC invocations=16 (full 2):
 PSYoungGen      total 232960K, used 217086K [0x00000000eab00000, 0x0000000100000000, 0x0000000100000000)
  eden space 116736K, 100% used [0x00000000eab00000,0x00000000f1d00000,0x00000000f1d00000)
  from space 116224K, 86% used [0x00000000f1d00000,0x00000000f7effb10,0x00000000f8e80000)
  to   space 116224K, 0% used [0x00000000f8e80000,0x00000000f8e80000,0x0000000100000000)
 ParOldGen       total 370176K, used 190334K [0x00000000c0000000, 0x00000000d6980000, 0x00000000eab00000)
  object space 370176K, 51% used [0x00000000c0000000,0x00000000cb9dfb58,0x00000000d6980000)
 Metaspace       used 6350K, capacity 7218K, committed 7296K, reserved 1056768K
  class space    used 603K, capacity 618K, committed 640K, reserved 1048576K
Event: 41.166 GC heap after
Heap after GC invocations=16 (full 2):
 PSYoungGen      total 232960K, used 56965K [0x00000000eab00000, 0x0000000100000000, 0x0000000100000000)
  eden space 116736K, 0% used [0x00000000eab00000,0x00000000eab00000,0x00000000f1d00000)
  from space 116224K, 49% used [0x00000000f8e80000,0x00000000fc6215e8,0x0000000100000000)
  to   space 116224K, 0% used [0x00000000f1d00000,0x00000000f1d00000,0x00000000f8e80000)
 ParOldGen       total 370176K, used 260443K [0x00000000c0000000, 0x00000000d6980000, 0x00000000eab00000)
  object space 370176K, 70% used [0x00000000c0000000,0x00000000cfe56d58,0x00000000d6980000)
 Metaspace       used 6350K, capacity 7218K, committed 7296K, reserved 1056768K
  class space    used 603K, capacity 618K, committed 640K, reserved 1048576K
}
Event: 42.595 GC heap before
{Heap before GC invocations=17 (full 2):
 PSYoungGen      total 232960K, used 173701K [0x00000000eab00000, 0x0000000100000000, 0x0000000100000000)
  eden space 116736K, 100% used [0x00000000eab00000,0x00000000f1d00000,0x00000000f1d00000)
  from space 116224K, 49% used [0x00000000f8e80000,0x00000000fc6215e8,0x0000000100000000)
  to   space 116224K, 0% used [0x00000000f1d00000,0x00000000f1d00000,0x00000000f8e80000)
 ParOldGen       total 370176K, used 260443K [0x00000000c0000000, 0x00000000d6980000, 0x00000000eab00000)
  object space 370176K, 70% used [0x00000000c0000000,0x00000000cfe56d58,0x00000000d6980000)
 Metaspace       used 6358K, capacity 7220K, committed 7296K, reserved 1056768K
  class space    used 604K, capacity 620K, committed 640K, reserved 1048576K
Event: 43.291 GC heap after
Heap after GC invocations=17 (full 2):
 PSYoungGen      total 232960K, used 18740K [0x00000000eab00000, 0x0000000100000000, 0x0000000100000000)
  eden space 116736K, 0% used [0x00000000eab00000,0x00000000eab00000,0x00000000f1d00000)
  from space 116224K, 16% used [0x00000000f1d00000,0x00000000f2f4d0d8,0x00000000f8e80000)
  to   space 116224K, 0% used [0x00000000f8e80000,0x00000000f8e80000,0x0000000100000000)
 ParOldGen       total 370176K, used 315807K [0x00000000c0000000, 0x00000000d6980000, 0x00000000eab00000)
  object space 370176K, 85% used [0x00000000c0000000,0x00000000d3467f08,0x00000000d6980000)
 Metaspace       used 6358K, capacity 7220K, committed 7296K, reserved 1056768K
  class space    used 604K, capacity 620K, committed 640K, reserved 1048576K
}
Event: 43.291 GC heap before
{Heap before GC invocations=18 (full 3):
 PSYoungGen      total 232960K, used 18740K [0x00000000eab00000, 0x0000000100000000, 0x0000000100000000)
  eden space 116736K, 0% used [0x00000000eab00000,0x00000000eab00000,0x00000000f1d00000)
  from space 116224K, 16% used [0x00000000f1d00000,0x00000000f2f4d0d8,0x00000000f8e80000)
  to   space 116224K, 0% used [0x00000000f8e80000,0x00000000f8e80000,0x0000000100000000)
 ParOldGen       total 370176K, used 315807K [0x00000000c0000000, 0x00000000d6980000, 0x00000000eab00000)
  object space 370176K, 85% used [0x00000000c0000000,0x00000000d3467f08,0x00000000d6980000)
 Metaspace       used 6358K, capacity 7220K, committed 7296K, reserved 1056768K
  class space    used 604K, capacity 620K, committed 640K, reserved 1048576K
Event: 48.771 GC heap after
Heap after GC invocations=18 (full 3):
 PSYoungGen      total 232960K, used 0K [0x00000000eab00000, 0x0000000100000000, 0x0000000100000000)
  eden space 116736K, 0% used [0x00000000eab00000,0x00000000eab00000,0x00000000f1d00000)
  from space 116224K, 0% used [0x00000000f1d00000,0x00000000f1d00000,0x00000000f8e80000)
  to   space 116224K, 0% used [0x00000000f8e80000,0x00000000f8e80000,0x0000000100000000)
 ParOldGen       total 370176K, used 182092K [0x00000000c0000000, 0x00000000d6980000, 0x00000000eab00000)
  object space 370176K, 49% used [0x00000000c0000000,0x00000000cb1d3068,0x00000000d6980000)
 Metaspace       used 6358K, capacity 7220K, committed 7296K, reserved 1056768K
  class space    used 604K, capacity 620K, committed 640K, reserved 1048576K
}

